[debug] [2024-08-14T20:54:59.889Z] ----------------------------------------------------------------------
[debug] [2024-08-14T20:54:59.890Z] Command:       /usr/local/bin/node /usr/local/bin/firebase emulators:start
[debug] [2024-08-14T20:54:59.890Z] CLI Version:   13.11.2
[debug] [2024-08-14T20:54:59.890Z] Platform:      darwin
[debug] [2024-08-14T20:54:59.890Z] Node Version:  v20.12.0
[debug] [2024-08-14T20:54:59.890Z] Time:          Wed Aug 14 2024 16:54:59 GMT-0400 (Eastern Daylight Time)
[debug] [2024-08-14T20:54:59.890Z] ----------------------------------------------------------------------
[debug] 
[debug] [2024-08-14T20:54:59.941Z] > command requires scopes: ["email","openid","https://www.googleapis.com/auth/cloudplatformprojects.readonly","https://www.googleapis.com/auth/firebase","https://www.googleapis.com/auth/cloud-platform"]
[debug] [2024-08-14T20:54:59.941Z] > authorizing via signed-in user (javaneyt@gmail.com)
[info] i  emulators: Starting emulators: functions {"metadata":{"emulator":{"name":"hub"},"message":"Starting emulators: functions"}}
[debug] [2024-08-14T20:55:00.090Z] [logging] Logging Emulator only supports listening on one address (127.0.0.1). Not listening on ::1
[debug] [2024-08-14T20:55:00.090Z] assigned listening specs for emulators {"user":{"hub":[{"address":"127.0.0.1","family":"IPv4","port":4400},{"address":"::1","family":"IPv6","port":4400}],"ui":[{"address":"127.0.0.1","family":"IPv4","port":4000},{"address":"::1","family":"IPv6","port":4000}],"logging":[{"address":"127.0.0.1","family":"IPv4","port":4500}]},"metadata":{"message":"assigned listening specs for emulators"}}
[debug] [2024-08-14T20:55:00.092Z] [hub] writing locator at /var/folders/q9/c7_5jf8n7cx7l2pcsb3vnshr0000gn/T/hub-naturally-crown.json
[debug] [2024-08-14T20:55:00.186Z] [functions] Functions Emulator only supports listening on one address (127.0.0.1). Not listening on ::1
[debug] [2024-08-14T20:55:00.187Z] [eventarc] Eventarc Emulator only supports listening on one address (127.0.0.1). Not listening on ::1
[debug] [2024-08-14T20:55:00.187Z] late-assigned ports for functions and eventarc emulators {"user":{"hub":[{"address":"127.0.0.1","family":"IPv4","port":4400},{"address":"::1","family":"IPv6","port":4400}],"ui":[{"address":"127.0.0.1","family":"IPv4","port":4000},{"address":"::1","family":"IPv6","port":4000}],"logging":[{"address":"127.0.0.1","family":"IPv4","port":4500}],"functions":[{"address":"127.0.0.1","family":"IPv4","port":5001}],"eventarc":[{"address":"127.0.0.1","family":"IPv4","port":9299}]},"metadata":{"message":"late-assigned ports for functions and eventarc emulators"}}
[warn] ⚠  functions: The following emulators are not running, calls to these services from the Functions emulator will affect production: auth, firestore, database, hosting, pubsub, storage, dataconnect {"metadata":{"emulator":{"name":"functions"},"message":"The following emulators are not running, calls to these services from the Functions emulator will affect production: \u001b[1mauth, firestore, database, hosting, pubsub, storage, dataconnect\u001b[22m"}}
[debug] [2024-08-14T20:55:00.188Z] defaultcredentials: writing to file /Users/javaneythomas/.config/firebase/javaneyt_gmail_com_application_default_credentials.json
[debug] [2024-08-14T20:55:00.193Z] Setting GAC to /Users/javaneythomas/.config/firebase/javaneyt_gmail_com_application_default_credentials.json {"metadata":{"emulator":{"name":"functions"},"message":"Setting GAC to /Users/javaneythomas/.config/firebase/javaneyt_gmail_com_application_default_credentials.json"}}
[debug] [2024-08-14T20:55:00.193Z] > refreshing access token with scopes: []
[debug] [2024-08-14T20:55:00.194Z] >>> [apiv2][query] POST https://www.googleapis.com/oauth2/v3/token [none]
[debug] [2024-08-14T20:55:00.194Z] >>> [apiv2][body] POST https://www.googleapis.com/oauth2/v3/token [omitted]
[debug] [2024-08-14T20:55:00.322Z] <<< [apiv2][status] POST https://www.googleapis.com/oauth2/v3/token 200
[debug] [2024-08-14T20:55:00.322Z] <<< [apiv2][body] POST https://www.googleapis.com/oauth2/v3/token [omitted]
[debug] [2024-08-14T20:55:00.330Z] >>> [apiv2][query] GET https://firebase.googleapis.com/v1beta1/projects/naturally-crown/adminSdkConfig [none]
[debug] [2024-08-14T20:55:00.802Z] <<< [apiv2][status] GET https://firebase.googleapis.com/v1beta1/projects/naturally-crown/adminSdkConfig 200
[debug] [2024-08-14T20:55:00.803Z] <<< [apiv2][body] GET https://firebase.googleapis.com/v1beta1/projects/naturally-crown/adminSdkConfig {"projectId":"naturally-crown","storageBucket":"naturally-crown.appspot.com"}
[debug] [2024-08-14T20:55:00.815Z] Ignoring unsupported arg: auto_download {"metadata":{"emulator":{"name":"ui"},"message":"Ignoring unsupported arg: auto_download"}}
[debug] [2024-08-14T20:55:00.815Z] Ignoring unsupported arg: port {"metadata":{"emulator":{"name":"ui"},"message":"Ignoring unsupported arg: port"}}
[debug] [2024-08-14T20:55:00.815Z] Starting Emulator UI with command {"binary":"node","args":["/Users/javaneythomas/.cache/firebase/emulators/ui-v1.12.1/server/server.mjs"],"optionalArgs":[],"joinArgs":false,"shell":false} {"metadata":{"emulator":{"name":"ui"},"message":"Starting Emulator UI with command {\"binary\":\"node\",\"args\":[\"/Users/javaneythomas/.cache/firebase/emulators/ui-v1.12.1/server/server.mjs\"],\"optionalArgs\":[],\"joinArgs\":false,\"shell\":false}"}}
[info] i  ui: Emulator UI logging to ui-debug.log {"metadata":{"emulator":{"name":"ui"},"message":"Emulator UI logging to \u001b[1mui-debug.log\u001b[22m"}}
[debug] [2024-08-14T20:55:00.882Z] Web / API server started at 127.0.0.1:4000
 {"metadata":{"emulator":{"name":"ui"},"message":"Web / API server started at 127.0.0.1:4000\n"}}
[debug] [2024-08-14T20:55:00.882Z] Web / API server started at ::1:4000
 {"metadata":{"emulator":{"name":"ui"},"message":"Web / API server started at ::1:4000\n"}}
[info] i  functions: Watching "/Users/javaneythomas/Documents/client1/natural-crown/functions" for Cloud Functions... {"metadata":{"emulator":{"name":"functions"},"message":"Watching \"/Users/javaneythomas/Documents/client1/natural-crown/functions\" for Cloud Functions..."}}
[debug] [2024-08-14T20:55:01.023Z] Validating nodejs source
[debug] [2024-08-14T20:55:01.279Z] > [functions] package.json contents: {
  "name": "functions",
  "description": "Cloud Functions for Firebase",
  "scripts": {
    "lint": "eslint .",
    "serve": "firebase emulators:start --only functions",
    "shell": "firebase functions:shell",
    "start": "npm run shell",
    "deploy": "firebase deploy --only functions",
    "logs": "firebase functions:log"
  },
  "engines": {
    "node": "20"
  },
  "main": "index.js",
  "dependencies": {
    "cors": "^2.8.5",
    "express": "^4.19.2",
    "firebase-admin": "^12.1.0",
    "firebase-functions": "^5.0.0",
    "stripe": "^16.7.0"
  },
  "devDependencies": {
    "eslint": "^8.15.0",
    "eslint-config-google": "^0.14.0",
    "firebase-functions-test": "^3.1.0"
  },
  "private": true
}
[debug] [2024-08-14T20:55:01.280Z] Building nodejs source
[debug] [2024-08-14T20:55:01.280Z] Failed to find version of module node: reached end of search path /Users/javaneythomas/Documents/client1/natural-crown/functions/node_modules
[info] ✔  functions: Using node@20 from host. 
[debug] [2024-08-14T20:55:01.280Z] Could not find functions.yaml. Must use http discovery
[debug] [2024-08-14T20:55:01.283Z] Found firebase-functions binary at '/Users/javaneythomas/Documents/client1/natural-crown/functions/node_modules/.bin/firebase-functions'
[info] Serving at port 8422

[debug] [2024-08-14T20:55:01.505Z] Got response from /__/functions.yaml {"endpoints":{"api":{"platform":"gcfv1","availableMemoryMb":null,"timeoutSeconds":null,"minInstances":null,"maxInstances":null,"ingressSettings":null,"serviceAccountEmail":null,"vpc":null,"httpsTrigger":{},"entryPoint":"api"}},"specVersion":"v1alpha1","requiredAPIs":[]}
[info] ✔  functions: Loaded functions definitions from source: api. {"metadata":{"emulator":{"name":"functions"},"message":"Loaded functions definitions from source: api."}}
[info] ✔  functions[us-central1-api]: http function initialized (http://127.0.0.1:5001/naturally-crown/us-central1/api). {"metadata":{"emulator":{"name":"functions"},"message":"\u001b[1mhttp\u001b[22m function initialized (http://127.0.0.1:5001/naturally-crown/us-central1/api)."}}
[info] 
┌─────────────────────────────────────────────────────────────┐
│ ✔  All emulators ready! It is now safe to connect your app. │
│ i  View Emulator UI at http://127.0.0.1:4000/               │
└─────────────────────────────────────────────────────────────┘

┌───────────┬────────────────┬─────────────────────────────────┐
│ Emulator  │ Host:Port      │ View in Emulator UI             │
├───────────┼────────────────┼─────────────────────────────────┤
│ Functions │ 127.0.0.1:5001 │ http://127.0.0.1:4000/functions │
└───────────┴────────────────┴─────────────────────────────────┘
  Emulator Hub running at 127.0.0.1:4400
  Other reserved ports: 4500

Issues? Report them at https://github.com/firebase/firebase-tools/issues and attach the *-debug.log files.
 
[debug] [2024-08-14T21:17:35.880Z] [work-queue] {"queuedWork":["/naturally-crown/us-central1/api/payments/create-2024-08-14T21:17:35.880Z"],"queueLength":1,"runningWork":[],"workRunningCount":0}
[debug] [2024-08-14T21:17:35.881Z] [work-queue] {"queuedWork":[],"queueLength":0,"runningWork":["/naturally-crown/us-central1/api/payments/create-2024-08-14T21:17:35.880Z"],"workRunningCount":1}
[debug] [2024-08-14T21:17:35.882Z] Accepted request POST /naturally-crown/us-central1/api/payments/create?total=9996 --> us-central1-api
[debug] [2024-08-14T21:17:35.885Z] [functions] Runtime ready! Sending request! {"metadata":{"emulator":{"name":"functions"},"message":"[functions] Runtime ready! Sending request!"}}
[debug] [2024-08-14T21:17:35.886Z] [functions] Got req.url=/naturally-crown/us-central1/api/payments/create?total=9996, mapping to path=/payments/create?total=9996 {"metadata":{"emulator":{"name":"functions"},"message":"[functions] Got req.url=/naturally-crown/us-central1/api/payments/create?total=9996, mapping to path=/payments/create?total=9996"}}
[debug] [2024-08-14T21:17:35.890Z] [worker-pool] addWorker(us-central1-api) {"metadata":{"emulator":{"name":"functions"},"message":"[worker-pool] addWorker(us-central1-api)"}}
[debug] [2024-08-14T21:17:35.890Z] [worker-pool] Adding worker with key us-central1-api, total=1 {"metadata":{"emulator":{"name":"functions"},"message":"[worker-pool] Adding worker with key us-central1-api, total=1"}}
[debug] [2024-08-14T21:17:36.445Z] [runtime-status] [71069] Resolved module firebase-admin {"declared":true,"installed":true,"version":"12.3.1","resolution":"/Users/javaneythomas/Documents/client1/natural-crown/functions/node_modules/firebase-admin/lib/index.js"} {"metadata":{"emulator":{"name":"functions"},"function":{"name":"us-central1-api"},"extension":{},"message":"[runtime-status] [71069] Resolved module firebase-admin {\"declared\":true,\"installed\":true,\"version\":\"12.3.1\",\"resolution\":\"/Users/javaneythomas/Documents/client1/natural-crown/functions/node_modules/firebase-admin/lib/index.js\"}"}}
[debug] [2024-08-14T21:17:36.445Z] [runtime-status] [71069] Resolved module firebase-functions {"declared":true,"installed":true,"version":"5.0.1","resolution":"/Users/javaneythomas/Documents/client1/natural-crown/functions/node_modules/firebase-functions/lib/v1/index.js"} {"metadata":{"emulator":{"name":"functions"},"function":{"name":"us-central1-api"},"extension":{},"message":"[runtime-status] [71069] Resolved module firebase-functions {\"declared\":true,\"installed\":true,\"version\":\"5.0.1\",\"resolution\":\"/Users/javaneythomas/Documents/client1/natural-crown/functions/node_modules/firebase-functions/lib/v1/index.js\"}"}}
[debug] [2024-08-14T21:17:36.445Z] [runtime-status] [71069] Outgoing network have been stubbed. [{"name":"http","status":"mocked"},{"name":"http","status":"mocked"},{"name":"https","status":"mocked"},{"name":"https","status":"mocked"},{"name":"net","status":"mocked"}] {"metadata":{"emulator":{"name":"functions"},"function":{"name":"us-central1-api"},"extension":{},"message":"[runtime-status] [71069] Outgoing network have been stubbed. [{\"name\":\"http\",\"status\":\"mocked\"},{\"name\":\"http\",\"status\":\"mocked\"},{\"name\":\"https\",\"status\":\"mocked\"},{\"name\":\"https\",\"status\":\"mocked\"},{\"name\":\"net\",\"status\":\"mocked\"}]"}}
[debug] [2024-08-14T21:17:36.445Z] [runtime-status] [71069] Resolved module firebase-functions {"declared":true,"installed":true,"version":"5.0.1","resolution":"/Users/javaneythomas/Documents/client1/natural-crown/functions/node_modules/firebase-functions/lib/v1/index.js"} {"metadata":{"emulator":{"name":"functions"},"function":{"name":"us-central1-api"},"extension":{},"message":"[runtime-status] [71069] Resolved module firebase-functions {\"declared\":true,\"installed\":true,\"version\":\"5.0.1\",\"resolution\":\"/Users/javaneythomas/Documents/client1/natural-crown/functions/node_modules/firebase-functions/lib/v1/index.js\"}"}}
[debug] [2024-08-14T21:17:36.552Z] [runtime-status] [71069] Checked functions.config() {"config":{}} {"metadata":{"emulator":{"name":"functions"},"function":{"name":"us-central1-api"},"extension":{},"message":"[runtime-status] [71069] Checked functions.config() {\"config\":{}}"}}
[debug] [2024-08-14T21:17:36.552Z] [runtime-status] [71069] firebase-functions has been stubbed. {"functionsResolution":{"declared":true,"installed":true,"version":"5.0.1","resolution":"/Users/javaneythomas/Documents/client1/natural-crown/functions/node_modules/firebase-functions/lib/v1/index.js"}} {"metadata":{"emulator":{"name":"functions"},"function":{"name":"us-central1-api"},"extension":{},"message":"[runtime-status] [71069] firebase-functions has been stubbed. {\"functionsResolution\":{\"declared\":true,\"installed\":true,\"version\":\"5.0.1\",\"resolution\":\"/Users/javaneythomas/Documents/client1/natural-crown/functions/node_modules/firebase-functions/lib/v1/index.js\"}}"}}
[debug] [2024-08-14T21:17:36.552Z] [runtime-status] [71069] Resolved module firebase-functions {"declared":true,"installed":true,"version":"5.0.1","resolution":"/Users/javaneythomas/Documents/client1/natural-crown/functions/node_modules/firebase-functions/lib/v1/index.js"} {"metadata":{"emulator":{"name":"functions"},"function":{"name":"us-central1-api"},"extension":{},"message":"[runtime-status] [71069] Resolved module firebase-functions {\"declared\":true,\"installed\":true,\"version\":\"5.0.1\",\"resolution\":\"/Users/javaneythomas/Documents/client1/natural-crown/functions/node_modules/firebase-functions/lib/v1/index.js\"}"}}
[debug] [2024-08-14T21:17:36.552Z] [runtime-status] [71069] Resolved module firebase-admin {"declared":true,"installed":true,"version":"12.3.1","resolution":"/Users/javaneythomas/Documents/client1/natural-crown/functions/node_modules/firebase-admin/lib/index.js"} {"metadata":{"emulator":{"name":"functions"},"function":{"name":"us-central1-api"},"extension":{},"message":"[runtime-status] [71069] Resolved module firebase-admin {\"declared\":true,\"installed\":true,\"version\":\"12.3.1\",\"resolution\":\"/Users/javaneythomas/Documents/client1/natural-crown/functions/node_modules/firebase-admin/lib/index.js\"}"}}
[debug] [2024-08-14T21:17:36.553Z] [runtime-status] [71069] Resolved module firebase-functions {"declared":true,"installed":true,"version":"5.0.1","resolution":"/Users/javaneythomas/Documents/client1/natural-crown/functions/node_modules/firebase-functions/lib/v1/index.js"} {"metadata":{"emulator":{"name":"functions"},"function":{"name":"us-central1-api"},"extension":{},"message":"[runtime-status] [71069] Resolved module firebase-functions {\"declared\":true,\"installed\":true,\"version\":\"5.0.1\",\"resolution\":\"/Users/javaneythomas/Documents/client1/natural-crown/functions/node_modules/firebase-functions/lib/v1/index.js\"}"}}
[debug] [2024-08-14T21:17:36.553Z] [runtime-status] [71069] firebase-admin has been stubbed. {"adminResolution":{"declared":true,"installed":true,"version":"12.3.1","resolution":"/Users/javaneythomas/Documents/client1/natural-crown/functions/node_modules/firebase-admin/lib/index.js"}} {"metadata":{"emulator":{"name":"functions"},"function":{"name":"us-central1-api"},"extension":{},"message":"[runtime-status] [71069] firebase-admin has been stubbed. {\"adminResolution\":{\"declared\":true,\"installed\":true,\"version\":\"12.3.1\",\"resolution\":\"/Users/javaneythomas/Documents/client1/natural-crown/functions/node_modules/firebase-admin/lib/index.js\"}}"}}
[debug] [2024-08-14T21:17:36.631Z] [runtime-status] [71069] Functions runtime initialized. {"cwd":"/Users/javaneythomas/Documents/client1/natural-crown/functions","node_version":"20.12.0"} {"metadata":{"emulator":{"name":"functions"},"function":{"name":"us-central1-api"},"extension":{},"message":"[runtime-status] [71069] Functions runtime initialized. {\"cwd\":\"/Users/javaneythomas/Documents/client1/natural-crown/functions\",\"node_version\":\"20.12.0\"}"}}
[debug] [2024-08-14T21:17:36.631Z] [runtime-status] [71069] Listening to port: /var/folders/q9/c7_5jf8n7cx7l2pcsb3vnshr0000gn/T/fire_emu_19b4c8d66f8c3399.sock {"metadata":{"emulator":{"name":"functions"},"function":{"name":"us-central1-api"},"extension":{},"message":"[runtime-status] [71069] Listening to port: /var/folders/q9/c7_5jf8n7cx7l2pcsb3vnshr0000gn/T/fire_emu_19b4c8d66f8c3399.sock"}}
[debug] [2024-08-14T21:17:36.704Z] [worker-us-central1-api-3fdbd0c3-21fa-4159-a33e-e73e4a440d26]: IDLE {"metadata":{"emulator":{"name":"functions"},"function":{"name":"us-central1-api"},"extension":{},"message":"[worker-us-central1-api-3fdbd0c3-21fa-4159-a33e-e73e4a440d26]: IDLE"}}
[debug] [2024-08-14T21:17:36.705Z] [worker-pool] submitRequest(triggerId=us-central1-api) {"metadata":{"emulator":{"name":"functions"},"message":"[worker-pool] submitRequest(triggerId=us-central1-api)"}}
[info] i  functions: Beginning execution of "us-central1-api" {"metadata":{"emulator":{"name":"functions"},"function":{"name":"us-central1-api"},"extension":{},"message":"Beginning execution of \"us-central1-api\""}}
[debug] [2024-08-14T21:17:36.705Z] [worker-us-central1-api-3fdbd0c3-21fa-4159-a33e-e73e4a440d26]: BUSY {"metadata":{"emulator":{"name":"functions"},"function":{"name":"us-central1-api"},"extension":{},"message":"[worker-us-central1-api-3fdbd0c3-21fa-4159-a33e-e73e4a440d26]: BUSY"}}
[info] >  Payment request received for this amount >>> 9996 {"user":"Payment request received for this amount >>> 9996","metadata":{"emulator":{"name":"functions"},"function":{"name":"us-central1-api"},"extension":{},"message":"\u001b[90m> \u001b[39m Payment request received for this amount >>> 9996"}}
[debug] [2024-08-14T21:17:37.027Z] Finishing up request with event=pause {"metadata":{"emulator":{"name":"functions"},"function":{"name":"us-central1-api"},"extension":{},"message":"Finishing up request with event=pause"}}
[info] i  functions: Finished "us-central1-api" in 322.708208ms {"metadata":{"emulator":{"name":"functions"},"function":{"name":"us-central1-api"},"extension":{},"message":"Finished \"us-central1-api\" in 322.708208ms"}}
[debug] [2024-08-14T21:17:37.029Z] [worker-us-central1-api-3fdbd0c3-21fa-4159-a33e-e73e4a440d26]: IDLE {"metadata":{"emulator":{"name":"functions"},"function":{"name":"us-central1-api"},"extension":{},"message":"[worker-us-central1-api-3fdbd0c3-21fa-4159-a33e-e73e4a440d26]: IDLE"}}
[debug] [2024-08-14T21:17:37.029Z] Finishing up request with event=finish {"metadata":{"emulator":{"name":"functions"},"function":{"name":"us-central1-api"},"extension":{},"message":"Finishing up request with event=finish"}}
[debug] [2024-08-14T21:17:37.029Z] Finishing up request with event=close {"metadata":{"emulator":{"name":"functions"},"function":{"name":"us-central1-api"},"extension":{},"message":"Finishing up request with event=close"}}
[debug] [2024-08-14T21:17:37.029Z] [work-queue] {"queuedWork":[],"queueLength":0,"runningWork":[],"workRunningCount":0}
[debug] [2024-08-14T21:19:36.887Z] [work-queue] {"queuedWork":["/naturally-crown/us-central1/api/payments/create-2024-08-14T21:19:36.887Z"],"queueLength":1,"runningWork":[],"workRunningCount":0}
[debug] [2024-08-14T21:19:36.887Z] [work-queue] {"queuedWork":[],"queueLength":0,"runningWork":["/naturally-crown/us-central1/api/payments/create-2024-08-14T21:19:36.887Z"],"workRunningCount":1}
[debug] [2024-08-14T21:19:36.887Z] Accepted request POST /naturally-crown/us-central1/api/payments/create?total=9996 --> us-central1-api
[debug] [2024-08-14T21:19:36.889Z] [functions] Runtime ready! Sending request! {"metadata":{"emulator":{"name":"functions"},"message":"[functions] Runtime ready! Sending request!"}}
[debug] [2024-08-14T21:19:36.889Z] [functions] Got req.url=/naturally-crown/us-central1/api/payments/create?total=9996, mapping to path=/payments/create?total=9996 {"metadata":{"emulator":{"name":"functions"},"message":"[functions] Got req.url=/naturally-crown/us-central1/api/payments/create?total=9996, mapping to path=/payments/create?total=9996"}}
[debug] [2024-08-14T21:19:36.889Z] [worker-pool] submitRequest(triggerId=us-central1-api) {"metadata":{"emulator":{"name":"functions"},"message":"[worker-pool] submitRequest(triggerId=us-central1-api)"}}
[info] i  functions: Beginning execution of "us-central1-api" {"metadata":{"emulator":{"name":"functions"},"function":{"name":"us-central1-api"},"extension":{},"message":"Beginning execution of \"us-central1-api\""}}
[debug] [2024-08-14T21:19:36.889Z] [worker-us-central1-api-3fdbd0c3-21fa-4159-a33e-e73e4a440d26]: BUSY {"metadata":{"emulator":{"name":"functions"},"function":{"name":"us-central1-api"},"extension":{},"message":"[worker-us-central1-api-3fdbd0c3-21fa-4159-a33e-e73e4a440d26]: BUSY"}}
[info] >  Payment request received for this amount >>> 9996 {"user":"Payment request received for this amount >>> 9996","metadata":{"emulator":{"name":"functions"},"function":{"name":"us-central1-api"},"extension":{},"message":"\u001b[90m> \u001b[39m Payment request received for this amount >>> 9996"}}
[debug] [2024-08-14T21:19:37.146Z] Finishing up request with event=pause {"metadata":{"emulator":{"name":"functions"},"function":{"name":"us-central1-api"},"extension":{},"message":"Finishing up request with event=pause"}}
[info] i  functions: Finished "us-central1-api" in 256.755958ms {"metadata":{"emulator":{"name":"functions"},"function":{"name":"us-central1-api"},"extension":{},"message":"Finished \"us-central1-api\" in 256.755958ms"}}
[debug] [2024-08-14T21:19:37.146Z] [worker-us-central1-api-3fdbd0c3-21fa-4159-a33e-e73e4a440d26]: IDLE {"metadata":{"emulator":{"name":"functions"},"function":{"name":"us-central1-api"},"extension":{},"message":"[worker-us-central1-api-3fdbd0c3-21fa-4159-a33e-e73e4a440d26]: IDLE"}}
[debug] [2024-08-14T21:19:37.146Z] Finishing up request with event=finish {"metadata":{"emulator":{"name":"functions"},"function":{"name":"us-central1-api"},"extension":{},"message":"Finishing up request with event=finish"}}
[debug] [2024-08-14T21:19:37.146Z] Finishing up request with event=close {"metadata":{"emulator":{"name":"functions"},"function":{"name":"us-central1-api"},"extension":{},"message":"Finishing up request with event=close"}}
[debug] [2024-08-14T21:19:37.146Z] [work-queue] {"queuedWork":[],"queueLength":0,"runningWork":[],"workRunningCount":0}
[debug] [2024-08-14T21:29:33.127Z] [work-queue] {"queuedWork":["/naturally-crown/us-central1/api/payments/create-2024-08-14T21:29:33.127Z"],"queueLength":1,"runningWork":[],"workRunningCount":0}
[debug] [2024-08-14T21:29:33.128Z] [work-queue] {"queuedWork":[],"queueLength":0,"runningWork":["/naturally-crown/us-central1/api/payments/create-2024-08-14T21:29:33.127Z"],"workRunningCount":1}
[debug] [2024-08-14T21:29:33.128Z] Accepted request POST /naturally-crown/us-central1/api/payments/create?total=12494.999999999998 --> us-central1-api
[debug] [2024-08-14T21:29:33.132Z] [functions] Runtime ready! Sending request! {"metadata":{"emulator":{"name":"functions"},"message":"[functions] Runtime ready! Sending request!"}}
[debug] [2024-08-14T21:29:33.132Z] [functions] Got req.url=/naturally-crown/us-central1/api/payments/create?total=12494.999999999998, mapping to path=/payments/create?total=12494.999999999998 {"metadata":{"emulator":{"name":"functions"},"message":"[functions] Got req.url=/naturally-crown/us-central1/api/payments/create?total=12494.999999999998, mapping to path=/payments/create?total=12494.999999999998"}}
[debug] [2024-08-14T21:29:33.132Z] [worker-pool] submitRequest(triggerId=us-central1-api) {"metadata":{"emulator":{"name":"functions"},"message":"[worker-pool] submitRequest(triggerId=us-central1-api)"}}
[info] i  functions: Beginning execution of "us-central1-api" {"metadata":{"emulator":{"name":"functions"},"function":{"name":"us-central1-api"},"extension":{},"message":"Beginning execution of \"us-central1-api\""}}
[debug] [2024-08-14T21:29:33.133Z] [worker-us-central1-api-3fdbd0c3-21fa-4159-a33e-e73e4a440d26]: BUSY {"metadata":{"emulator":{"name":"functions"},"function":{"name":"us-central1-api"},"extension":{},"message":"[worker-us-central1-api-3fdbd0c3-21fa-4159-a33e-e73e4a440d26]: BUSY"}}
[info] >  Payment request received for this amount >>> 12494.999999999998 {"user":"Payment request received for this amount >>> 12494.999999999998","metadata":{"emulator":{"name":"functions"},"function":{"name":"us-central1-api"},"extension":{},"message":"\u001b[90m> \u001b[39m Payment request received for this amount >>> 12494.999999999998"}}
[info] >  Error creating payment intent: StripeInvalidRequestError: Invalid integer: 12494.999999999998 {"user":"Error creating payment intent: StripeInvalidRequestError: Invalid integer: 12494.999999999998","metadata":{"emulator":{"name":"functions"},"function":{"name":"us-central1-api"},"extension":{},"message":"\u001b[90m> \u001b[39m Error creating payment intent: StripeInvalidRequestError: Invalid integer: 12494.999999999998"}}
[info] >      at StripeError.generate (/Users/javaneythomas/Documents/client1/natural-crown/functions/node_modules/stripe/cjs/Error.js:10:20) {"user":"    at StripeError.generate (/Users/javaneythomas/Documents/client1/natural-crown/functions/node_modules/stripe/cjs/Error.js:10:20)","metadata":{"emulator":{"name":"functions"},"function":{"name":"us-central1-api"},"extension":{},"message":"\u001b[90m> \u001b[39m     at StripeError.generate (/Users/javaneythomas/Documents/client1/natural-crown/functions/node_modules/stripe/cjs/Error.js:10:20)"}}
[info] >      at res.toJSON.then.Error_js_1.StripeAPIError.message (/Users/javaneythomas/Documents/client1/natural-crown/functions/node_modules/stripe/cjs/RequestSender.js:105:54) {"user":"    at res.toJSON.then.Error_js_1.StripeAPIError.message (/Users/javaneythomas/Documents/client1/natural-crown/functions/node_modules/stripe/cjs/RequestSender.js:105:54)","metadata":{"emulator":{"name":"functions"},"function":{"name":"us-central1-api"},"extension":{},"message":"\u001b[90m> \u001b[39m     at res.toJSON.then.Error_js_1.StripeAPIError.message (/Users/javaneythomas/Documents/client1/natural-crown/functions/node_modules/stripe/cjs/RequestSender.js:105:54)"}}
[info] >      at process.processTicksAndRejections (node:internal/process/task_queues:95:5) { {"user":"    at process.processTicksAndRejections (node:internal/process/task_queues:95:5) {","metadata":{"emulator":{"name":"functions"},"function":{"name":"us-central1-api"},"extension":{},"message":"\u001b[90m> \u001b[39m     at process.processTicksAndRejections (node:internal/process/task_queues:95:5) {"}}
[info] >    type: 'StripeInvalidRequestError', {"user":"  type: 'StripeInvalidRequestError',","metadata":{"emulator":{"name":"functions"},"function":{"name":"us-central1-api"},"extension":{},"message":"\u001b[90m> \u001b[39m   type: 'StripeInvalidRequestError',"}}
[info] >    raw: { {"user":"  raw: {","metadata":{"emulator":{"name":"functions"},"function":{"name":"us-central1-api"},"extension":{},"message":"\u001b[90m> \u001b[39m   raw: {"}}
[info] >      code: 'parameter_invalid_integer', {"user":"    code: 'parameter_invalid_integer',","metadata":{"emulator":{"name":"functions"},"function":{"name":"us-central1-api"},"extension":{},"message":"\u001b[90m> \u001b[39m     code: 'parameter_invalid_integer',"}}
[info] >      doc_url: 'https://stripe.com/docs/error-codes/parameter-invalid-integer', {"user":"    doc_url: 'https://stripe.com/docs/error-codes/parameter-invalid-integer',","metadata":{"emulator":{"name":"functions"},"function":{"name":"us-central1-api"},"extension":{},"message":"\u001b[90m> \u001b[39m     doc_url: 'https://stripe.com/docs/error-codes/parameter-invalid-integer',"}}
[info] >      message: 'Invalid integer: 12494.999999999998', {"user":"    message: 'Invalid integer: 12494.999999999998',","metadata":{"emulator":{"name":"functions"},"function":{"name":"us-central1-api"},"extension":{},"message":"\u001b[90m> \u001b[39m     message: 'Invalid integer: 12494.999999999998',"}}
[info] >      param: 'amount', {"user":"    param: 'amount',","metadata":{"emulator":{"name":"functions"},"function":{"name":"us-central1-api"},"extension":{},"message":"\u001b[90m> \u001b[39m     param: 'amount',"}}
[info] >      request_log_url: 'https://dashboard.stripe.com/test/logs/req_6IUDebdF4hzDOm?t=1723670973', {"user":"    request_log_url: 'https://dashboard.stripe.com/test/logs/req_6IUDebdF4hzDOm?t=1723670973',","metadata":{"emulator":{"name":"functions"},"function":{"name":"us-central1-api"},"extension":{},"message":"\u001b[90m> \u001b[39m     request_log_url: 'https://dashboard.stripe.com/test/logs/req_6IUDebdF4hzDOm?t=1723670973',"}}
[info] >      type: 'invalid_request_error', {"user":"    type: 'invalid_request_error',","metadata":{"emulator":{"name":"functions"},"function":{"name":"us-central1-api"},"extension":{},"message":"\u001b[90m> \u001b[39m     type: 'invalid_request_error',"}}
[info] >      headers: { {"user":"    headers: {","metadata":{"emulator":{"name":"functions"},"function":{"name":"us-central1-api"},"extension":{},"message":"\u001b[90m> \u001b[39m     headers: {"}}
[info] >        server: 'nginx', {"user":"      server: 'nginx',","metadata":{"emulator":{"name":"functions"},"function":{"name":"us-central1-api"},"extension":{},"message":"\u001b[90m> \u001b[39m       server: 'nginx',"}}
[info] >        date: 'Wed, 14 Aug 2024 21:29:33 GMT', {"user":"      date: 'Wed, 14 Aug 2024 21:29:33 GMT',","metadata":{"emulator":{"name":"functions"},"function":{"name":"us-central1-api"},"extension":{},"message":"\u001b[90m> \u001b[39m       date: 'Wed, 14 Aug 2024 21:29:33 GMT',"}}
[info] >        'content-type': 'application/json', {"user":"      'content-type': 'application/json',","metadata":{"emulator":{"name":"functions"},"function":{"name":"us-central1-api"},"extension":{},"message":"\u001b[90m> \u001b[39m       'content-type': 'application/json',"}}
[info] >        'content-length': '352', {"user":"      'content-length': '352',","metadata":{"emulator":{"name":"functions"},"function":{"name":"us-central1-api"},"extension":{},"message":"\u001b[90m> \u001b[39m       'content-length': '352',"}}
[info] >        connection: 'keep-alive', {"user":"      connection: 'keep-alive',","metadata":{"emulator":{"name":"functions"},"function":{"name":"us-central1-api"},"extension":{},"message":"\u001b[90m> \u001b[39m       connection: 'keep-alive',"}}
[info] >        'access-control-allow-credentials': 'true', {"user":"      'access-control-allow-credentials': 'true',","metadata":{"emulator":{"name":"functions"},"function":{"name":"us-central1-api"},"extension":{},"message":"\u001b[90m> \u001b[39m       'access-control-allow-credentials': 'true',"}}
[info] >        'access-control-allow-methods': 'GET,HEAD,PUT,PATCH,POST,DELETE', {"user":"      'access-control-allow-methods': 'GET,HEAD,PUT,PATCH,POST,DELETE',","metadata":{"emulator":{"name":"functions"},"function":{"name":"us-central1-api"},"extension":{},"message":"\u001b[90m> \u001b[39m       'access-control-allow-methods': 'GET,HEAD,PUT,PATCH,POST,DELETE',"}}
[info] >        'access-control-allow-origin': '*', {"user":"      'access-control-allow-origin': '*',","metadata":{"emulator":{"name":"functions"},"function":{"name":"us-central1-api"},"extension":{},"message":"\u001b[90m> \u001b[39m       'access-control-allow-origin': '*',"}}
[info] >        'access-control-expose-headers': 'Request-Id, Stripe-Manage-Version, Stripe-Should-Retry, X-Stripe-External-Auth-Required, X-Stripe-Privileged-Session-Required', {"user":"      'access-control-expose-headers': 'Request-Id, Stripe-Manage-Version, Stripe-Should-Retry, X-Stripe-External-Auth-Required, X-Stripe-Privileged-Session-Required',","metadata":{"emulator":{"name":"functions"},"function":{"name":"us-central1-api"},"extension":{},"message":"\u001b[90m> \u001b[39m       'access-control-expose-headers': 'Request-Id, Stripe-Manage-Version, Stripe-Should-Retry, X-Stripe-External-Auth-Required, X-Stripe-Privileged-Session-Required',"}}
[info] >        'access-control-max-age': '300', {"user":"      'access-control-max-age': '300',","metadata":{"emulator":{"name":"functions"},"function":{"name":"us-central1-api"},"extension":{},"message":"\u001b[90m> \u001b[39m       'access-control-max-age': '300',"}}
[info] >        'cache-control': 'no-cache, no-store', {"user":"      'cache-control': 'no-cache, no-store',","metadata":{"emulator":{"name":"functions"},"function":{"name":"us-central1-api"},"extension":{},"message":"\u001b[90m> \u001b[39m       'cache-control': 'no-cache, no-store',"}}
[info] >        'content-security-policy': "report-uri https://q.stripe.com/csp-report?p=v1%2Fpayment_intents; block-all-mixed-content; default-src 'none'; base-uri 'none'; form-action 'none'; frame-ancestors 'none'; img-src 'self'; script-src 'self' 'report-sample'; style-src 'self'", {"user":"      'content-security-policy': \"report-uri https://q.stripe.com/csp-report?p=v1%2Fpayment_intents; block-all-mixed-content; default-src 'none'; base-uri 'none'; form-action 'none'; frame-ancestors 'none'; img-src 'self'; script-src 'self' 'report-sample'; style-src 'self'\",","metadata":{"emulator":{"name":"functions"},"function":{"name":"us-central1-api"},"extension":{},"message":"\u001b[90m> \u001b[39m       'content-security-policy': \"report-uri https://q.stripe.com/csp-report?p=v1%2Fpayment_intents; block-all-mixed-content; default-src 'none'; base-uri 'none'; form-action 'none'; frame-ancestors 'none'; img-src 'self'; script-src 'self' 'report-sample'; style-src 'self'\","}}
[info] >        'cross-origin-opener-policy-report-only': 'same-origin; report-to="coop"', {"user":"      'cross-origin-opener-policy-report-only': 'same-origin; report-to=\"coop\"',","metadata":{"emulator":{"name":"functions"},"function":{"name":"us-central1-api"},"extension":{},"message":"\u001b[90m> \u001b[39m       'cross-origin-opener-policy-report-only': 'same-origin; report-to=\"coop\"',"}}
[info] >        'idempotency-key': 'stripe-node-retry-1f0774bf-6674-45ce-990c-53b546381426', {"user":"      'idempotency-key': 'stripe-node-retry-1f0774bf-6674-45ce-990c-53b546381426',","metadata":{"emulator":{"name":"functions"},"function":{"name":"us-central1-api"},"extension":{},"message":"\u001b[90m> \u001b[39m       'idempotency-key': 'stripe-node-retry-1f0774bf-6674-45ce-990c-53b546381426',"}}
[info] >        'original-request': 'req_6IUDebdF4hzDOm', {"user":"      'original-request': 'req_6IUDebdF4hzDOm',","metadata":{"emulator":{"name":"functions"},"function":{"name":"us-central1-api"},"extension":{},"message":"\u001b[90m> \u001b[39m       'original-request': 'req_6IUDebdF4hzDOm',"}}
[info] >        'report-to': '{"group":"coop","max_age":8640,"endpoints":[{"url":"https://q.stripe.com/coop-report?s=payins-bapi-srv"}],"include_subdomains":true}', {"user":"      'report-to': '{\"group\":\"coop\",\"max_age\":8640,\"endpoints\":[{\"url\":\"https://q.stripe.com/coop-report?s=payins-bapi-srv\"}],\"include_subdomains\":true}',","metadata":{"emulator":{"name":"functions"},"function":{"name":"us-central1-api"},"extension":{},"message":"\u001b[90m> \u001b[39m       'report-to': '{\"group\":\"coop\",\"max_age\":8640,\"endpoints\":[{\"url\":\"https://q.stripe.com/coop-report?s=payins-bapi-srv\"}],\"include_subdomains\":true}',"}}
[info] >        'reporting-endpoints': 'coop="https://q.stripe.com/coop-report?s=payins-bapi-srv"', {"user":"      'reporting-endpoints': 'coop=\"https://q.stripe.com/coop-report?s=payins-bapi-srv\"',","metadata":{"emulator":{"name":"functions"},"function":{"name":"us-central1-api"},"extension":{},"message":"\u001b[90m> \u001b[39m       'reporting-endpoints': 'coop=\"https://q.stripe.com/coop-report?s=payins-bapi-srv\"',"}}
[info] >        'request-id': 'req_6IUDebdF4hzDOm', {"user":"      'request-id': 'req_6IUDebdF4hzDOm',","metadata":{"emulator":{"name":"functions"},"function":{"name":"us-central1-api"},"extension":{},"message":"\u001b[90m> \u001b[39m       'request-id': 'req_6IUDebdF4hzDOm',"}}
[info] >        'stripe-version': '2024-06-20', {"user":"      'stripe-version': '2024-06-20',","metadata":{"emulator":{"name":"functions"},"function":{"name":"us-central1-api"},"extension":{},"message":"\u001b[90m> \u001b[39m       'stripe-version': '2024-06-20',"}}
[info] >        vary: 'Origin', {"user":"      vary: 'Origin',","metadata":{"emulator":{"name":"functions"},"function":{"name":"us-central1-api"},"extension":{},"message":"\u001b[90m> \u001b[39m       vary: 'Origin',"}}
[info] >        'x-content-type-options': 'nosniff', {"user":"      'x-content-type-options': 'nosniff',","metadata":{"emulator":{"name":"functions"},"function":{"name":"us-central1-api"},"extension":{},"message":"\u001b[90m> \u001b[39m       'x-content-type-options': 'nosniff',"}}
[info] >        'x-stripe-priority-routing-enabled': 'true', {"user":"      'x-stripe-priority-routing-enabled': 'true',","metadata":{"emulator":{"name":"functions"},"function":{"name":"us-central1-api"},"extension":{},"message":"\u001b[90m> \u001b[39m       'x-stripe-priority-routing-enabled': 'true',"}}
[info] >        'x-stripe-routing-context-priority-tier': 'api-testmode', {"user":"      'x-stripe-routing-context-priority-tier': 'api-testmode',","metadata":{"emulator":{"name":"functions"},"function":{"name":"us-central1-api"},"extension":{},"message":"\u001b[90m> \u001b[39m       'x-stripe-routing-context-priority-tier': 'api-testmode',"}}
[info] >        'strict-transport-security': 'max-age=63072000; includeSubDomains; preload' {"user":"      'strict-transport-security': 'max-age=63072000; includeSubDomains; preload'","metadata":{"emulator":{"name":"functions"},"function":{"name":"us-central1-api"},"extension":{},"message":"\u001b[90m> \u001b[39m       'strict-transport-security': 'max-age=63072000; includeSubDomains; preload'"}}
[info] >      }, {"user":"    },","metadata":{"emulator":{"name":"functions"},"function":{"name":"us-central1-api"},"extension":{},"message":"\u001b[90m> \u001b[39m     },"}}
[info] >      statusCode: 400, {"user":"    statusCode: 400,","metadata":{"emulator":{"name":"functions"},"function":{"name":"us-central1-api"},"extension":{},"message":"\u001b[90m> \u001b[39m     statusCode: 400,"}}
[info] >      requestId: 'req_6IUDebdF4hzDOm' {"user":"    requestId: 'req_6IUDebdF4hzDOm'","metadata":{"emulator":{"name":"functions"},"function":{"name":"us-central1-api"},"extension":{},"message":"\u001b[90m> \u001b[39m     requestId: 'req_6IUDebdF4hzDOm'"}}
[info] >    }, {"user":"  },","metadata":{"emulator":{"name":"functions"},"function":{"name":"us-central1-api"},"extension":{},"message":"\u001b[90m> \u001b[39m   },"}}
[info] >    rawType: 'invalid_request_error', {"user":"  rawType: 'invalid_request_error',","metadata":{"emulator":{"name":"functions"},"function":{"name":"us-central1-api"},"extension":{},"message":"\u001b[90m> \u001b[39m   rawType: 'invalid_request_error',"}}
[info] >    code: 'parameter_invalid_integer', {"user":"  code: 'parameter_invalid_integer',","metadata":{"emulator":{"name":"functions"},"function":{"name":"us-central1-api"},"extension":{},"message":"\u001b[90m> \u001b[39m   code: 'parameter_invalid_integer',"}}
[info] >    doc_url: 'https://stripe.com/docs/error-codes/parameter-invalid-integer', {"user":"  doc_url: 'https://stripe.com/docs/error-codes/parameter-invalid-integer',","metadata":{"emulator":{"name":"functions"},"function":{"name":"us-central1-api"},"extension":{},"message":"\u001b[90m> \u001b[39m   doc_url: 'https://stripe.com/docs/error-codes/parameter-invalid-integer',"}}
[info] >    param: 'amount', {"user":"  param: 'amount',","metadata":{"emulator":{"name":"functions"},"function":{"name":"us-central1-api"},"extension":{},"message":"\u001b[90m> \u001b[39m   param: 'amount',"}}
[info] >    detail: undefined, {"user":"  detail: undefined,","metadata":{"emulator":{"name":"functions"},"function":{"name":"us-central1-api"},"extension":{},"message":"\u001b[90m> \u001b[39m   detail: undefined,"}}
[info] >    headers: { {"user":"  headers: {","metadata":{"emulator":{"name":"functions"},"function":{"name":"us-central1-api"},"extension":{},"message":"\u001b[90m> \u001b[39m   headers: {"}}
[info] >      server: 'nginx', {"user":"    server: 'nginx',","metadata":{"emulator":{"name":"functions"},"function":{"name":"us-central1-api"},"extension":{},"message":"\u001b[90m> \u001b[39m     server: 'nginx',"}}
[info] >      date: 'Wed, 14 Aug 2024 21:29:33 GMT', {"user":"    date: 'Wed, 14 Aug 2024 21:29:33 GMT',","metadata":{"emulator":{"name":"functions"},"function":{"name":"us-central1-api"},"extension":{},"message":"\u001b[90m> \u001b[39m     date: 'Wed, 14 Aug 2024 21:29:33 GMT',"}}
[info] >      'content-type': 'application/json', {"user":"    'content-type': 'application/json',","metadata":{"emulator":{"name":"functions"},"function":{"name":"us-central1-api"},"extension":{},"message":"\u001b[90m> \u001b[39m     'content-type': 'application/json',"}}
[info] >      'content-length': '352', {"user":"    'content-length': '352',","metadata":{"emulator":{"name":"functions"},"function":{"name":"us-central1-api"},"extension":{},"message":"\u001b[90m> \u001b[39m     'content-length': '352',"}}
[info] >      connection: 'keep-alive', {"user":"    connection: 'keep-alive',","metadata":{"emulator":{"name":"functions"},"function":{"name":"us-central1-api"},"extension":{},"message":"\u001b[90m> \u001b[39m     connection: 'keep-alive',"}}
[info] >      'access-control-allow-credentials': 'true', {"user":"    'access-control-allow-credentials': 'true',","metadata":{"emulator":{"name":"functions"},"function":{"name":"us-central1-api"},"extension":{},"message":"\u001b[90m> \u001b[39m     'access-control-allow-credentials': 'true',"}}
[info] >      'access-control-allow-methods': 'GET,HEAD,PUT,PATCH,POST,DELETE', {"user":"    'access-control-allow-methods': 'GET,HEAD,PUT,PATCH,POST,DELETE',","metadata":{"emulator":{"name":"functions"},"function":{"name":"us-central1-api"},"extension":{},"message":"\u001b[90m> \u001b[39m     'access-control-allow-methods': 'GET,HEAD,PUT,PATCH,POST,DELETE',"}}
[info] >      'access-control-allow-origin': '*', {"user":"    'access-control-allow-origin': '*',","metadata":{"emulator":{"name":"functions"},"function":{"name":"us-central1-api"},"extension":{},"message":"\u001b[90m> \u001b[39m     'access-control-allow-origin': '*',"}}
[info] >      'access-control-expose-headers': 'Request-Id, Stripe-Manage-Version, Stripe-Should-Retry, X-Stripe-External-Auth-Required, X-Stripe-Privileged-Session-Required', {"user":"    'access-control-expose-headers': 'Request-Id, Stripe-Manage-Version, Stripe-Should-Retry, X-Stripe-External-Auth-Required, X-Stripe-Privileged-Session-Required',","metadata":{"emulator":{"name":"functions"},"function":{"name":"us-central1-api"},"extension":{},"message":"\u001b[90m> \u001b[39m     'access-control-expose-headers': 'Request-Id, Stripe-Manage-Version, Stripe-Should-Retry, X-Stripe-External-Auth-Required, X-Stripe-Privileged-Session-Required',"}}
[info] >      'access-control-max-age': '300', {"user":"    'access-control-max-age': '300',","metadata":{"emulator":{"name":"functions"},"function":{"name":"us-central1-api"},"extension":{},"message":"\u001b[90m> \u001b[39m     'access-control-max-age': '300',"}}
[info] >      'cache-control': 'no-cache, no-store', {"user":"    'cache-control': 'no-cache, no-store',","metadata":{"emulator":{"name":"functions"},"function":{"name":"us-central1-api"},"extension":{},"message":"\u001b[90m> \u001b[39m     'cache-control': 'no-cache, no-store',"}}
[info] >      'content-security-policy': "report-uri https://q.stripe.com/csp-report?p=v1%2Fpayment_intents; block-all-mixed-content; default-src 'none'; base-uri 'none'; form-action 'none'; frame-ancestors 'none'; img-src 'self'; script-src 'self' 'report-sample'; style-src 'self'", {"user":"    'content-security-policy': \"report-uri https://q.stripe.com/csp-report?p=v1%2Fpayment_intents; block-all-mixed-content; default-src 'none'; base-uri 'none'; form-action 'none'; frame-ancestors 'none'; img-src 'self'; script-src 'self' 'report-sample'; style-src 'self'\",","metadata":{"emulator":{"name":"functions"},"function":{"name":"us-central1-api"},"extension":{},"message":"\u001b[90m> \u001b[39m     'content-security-policy': \"report-uri https://q.stripe.com/csp-report?p=v1%2Fpayment_intents; block-all-mixed-content; default-src 'none'; base-uri 'none'; form-action 'none'; frame-ancestors 'none'; img-src 'self'; script-src 'self' 'report-sample'; style-src 'self'\","}}
[info] >      'cross-origin-opener-policy-report-only': 'same-origin; report-to="coop"', {"user":"    'cross-origin-opener-policy-report-only': 'same-origin; report-to=\"coop\"',","metadata":{"emulator":{"name":"functions"},"function":{"name":"us-central1-api"},"extension":{},"message":"\u001b[90m> \u001b[39m     'cross-origin-opener-policy-report-only': 'same-origin; report-to=\"coop\"',"}}
[info] >      'idempotency-key': 'stripe-node-retry-1f0774bf-6674-45ce-990c-53b546381426', {"user":"    'idempotency-key': 'stripe-node-retry-1f0774bf-6674-45ce-990c-53b546381426',","metadata":{"emulator":{"name":"functions"},"function":{"name":"us-central1-api"},"extension":{},"message":"\u001b[90m> \u001b[39m     'idempotency-key': 'stripe-node-retry-1f0774bf-6674-45ce-990c-53b546381426',"}}
[info] >      'original-request': 'req_6IUDebdF4hzDOm', {"user":"    'original-request': 'req_6IUDebdF4hzDOm',","metadata":{"emulator":{"name":"functions"},"function":{"name":"us-central1-api"},"extension":{},"message":"\u001b[90m> \u001b[39m     'original-request': 'req_6IUDebdF4hzDOm',"}}
[info] >      'report-to': '{"group":"coop","max_age":8640,"endpoints":[{"url":"https://q.stripe.com/coop-report?s=payins-bapi-srv"}],"include_subdomains":true}', {"user":"    'report-to': '{\"group\":\"coop\",\"max_age\":8640,\"endpoints\":[{\"url\":\"https://q.stripe.com/coop-report?s=payins-bapi-srv\"}],\"include_subdomains\":true}',","metadata":{"emulator":{"name":"functions"},"function":{"name":"us-central1-api"},"extension":{},"message":"\u001b[90m> \u001b[39m     'report-to': '{\"group\":\"coop\",\"max_age\":8640,\"endpoints\":[{\"url\":\"https://q.stripe.com/coop-report?s=payins-bapi-srv\"}],\"include_subdomains\":true}',"}}
[info] >      'reporting-endpoints': 'coop="https://q.stripe.com/coop-report?s=payins-bapi-srv"', {"user":"    'reporting-endpoints': 'coop=\"https://q.stripe.com/coop-report?s=payins-bapi-srv\"',","metadata":{"emulator":{"name":"functions"},"function":{"name":"us-central1-api"},"extension":{},"message":"\u001b[90m> \u001b[39m     'reporting-endpoints': 'coop=\"https://q.stripe.com/coop-report?s=payins-bapi-srv\"',"}}
[info] >      'request-id': 'req_6IUDebdF4hzDOm', {"user":"    'request-id': 'req_6IUDebdF4hzDOm',","metadata":{"emulator":{"name":"functions"},"function":{"name":"us-central1-api"},"extension":{},"message":"\u001b[90m> \u001b[39m     'request-id': 'req_6IUDebdF4hzDOm',"}}
[info] >      'stripe-version': '2024-06-20', {"user":"    'stripe-version': '2024-06-20',","metadata":{"emulator":{"name":"functions"},"function":{"name":"us-central1-api"},"extension":{},"message":"\u001b[90m> \u001b[39m     'stripe-version': '2024-06-20',"}}
[info] >      vary: 'Origin', {"user":"    vary: 'Origin',","metadata":{"emulator":{"name":"functions"},"function":{"name":"us-central1-api"},"extension":{},"message":"\u001b[90m> \u001b[39m     vary: 'Origin',"}}
[info] >      'x-content-type-options': 'nosniff', {"user":"    'x-content-type-options': 'nosniff',","metadata":{"emulator":{"name":"functions"},"function":{"name":"us-central1-api"},"extension":{},"message":"\u001b[90m> \u001b[39m     'x-content-type-options': 'nosniff',"}}
[info] >      'x-stripe-priority-routing-enabled': 'true', {"user":"    'x-stripe-priority-routing-enabled': 'true',","metadata":{"emulator":{"name":"functions"},"function":{"name":"us-central1-api"},"extension":{},"message":"\u001b[90m> \u001b[39m     'x-stripe-priority-routing-enabled': 'true',"}}
[info] >      'x-stripe-routing-context-priority-tier': 'api-testmode', {"user":"    'x-stripe-routing-context-priority-tier': 'api-testmode',","metadata":{"emulator":{"name":"functions"},"function":{"name":"us-central1-api"},"extension":{},"message":"\u001b[90m> \u001b[39m     'x-stripe-routing-context-priority-tier': 'api-testmode',"}}
[info] >      'strict-transport-security': 'max-age=63072000; includeSubDomains; preload' {"user":"    'strict-transport-security': 'max-age=63072000; includeSubDomains; preload'","metadata":{"emulator":{"name":"functions"},"function":{"name":"us-central1-api"},"extension":{},"message":"\u001b[90m> \u001b[39m     'strict-transport-security': 'max-age=63072000; includeSubDomains; preload'"}}
[info] >    }, {"user":"  },","metadata":{"emulator":{"name":"functions"},"function":{"name":"us-central1-api"},"extension":{},"message":"\u001b[90m> \u001b[39m   },"}}
[info] >    requestId: 'req_6IUDebdF4hzDOm', {"user":"  requestId: 'req_6IUDebdF4hzDOm',","metadata":{"emulator":{"name":"functions"},"function":{"name":"us-central1-api"},"extension":{},"message":"\u001b[90m> \u001b[39m   requestId: 'req_6IUDebdF4hzDOm',"}}
[info] >    statusCode: 400, {"user":"  statusCode: 400,","metadata":{"emulator":{"name":"functions"},"function":{"name":"us-central1-api"},"extension":{},"message":"\u001b[90m> \u001b[39m   statusCode: 400,"}}
[info] >    charge: undefined, {"user":"  charge: undefined,","metadata":{"emulator":{"name":"functions"},"function":{"name":"us-central1-api"},"extension":{},"message":"\u001b[90m> \u001b[39m   charge: undefined,"}}
[info] >    decline_code: undefined, {"user":"  decline_code: undefined,","metadata":{"emulator":{"name":"functions"},"function":{"name":"us-central1-api"},"extension":{},"message":"\u001b[90m> \u001b[39m   decline_code: undefined,"}}
[info] >    payment_intent: undefined, {"user":"  payment_intent: undefined,","metadata":{"emulator":{"name":"functions"},"function":{"name":"us-central1-api"},"extension":{},"message":"\u001b[90m> \u001b[39m   payment_intent: undefined,"}}
[info] >    payment_method: undefined, {"user":"  payment_method: undefined,","metadata":{"emulator":{"name":"functions"},"function":{"name":"us-central1-api"},"extension":{},"message":"\u001b[90m> \u001b[39m   payment_method: undefined,"}}
[info] >    payment_method_type: undefined, {"user":"  payment_method_type: undefined,","metadata":{"emulator":{"name":"functions"},"function":{"name":"us-central1-api"},"extension":{},"message":"\u001b[90m> \u001b[39m   payment_method_type: undefined,"}}
[info] >    setup_intent: undefined, {"user":"  setup_intent: undefined,","metadata":{"emulator":{"name":"functions"},"function":{"name":"us-central1-api"},"extension":{},"message":"\u001b[90m> \u001b[39m   setup_intent: undefined,"}}
[info] >    source: undefined {"user":"  source: undefined","metadata":{"emulator":{"name":"functions"},"function":{"name":"us-central1-api"},"extension":{},"message":"\u001b[90m> \u001b[39m   source: undefined"}}
[info] >  } {"user":"}","metadata":{"emulator":{"name":"functions"},"function":{"name":"us-central1-api"},"extension":{},"message":"\u001b[90m> \u001b[39m }"}}
[debug] [2024-08-14T21:29:33.371Z] Finishing up request with event=pause {"metadata":{"emulator":{"name":"functions"},"function":{"name":"us-central1-api"},"extension":{},"message":"Finishing up request with event=pause"}}
[info] i  functions: Finished "us-central1-api" in 239.022042ms {"metadata":{"emulator":{"name":"functions"},"function":{"name":"us-central1-api"},"extension":{},"message":"Finished \"us-central1-api\" in 239.022042ms"}}
[debug] [2024-08-14T21:29:33.372Z] [worker-us-central1-api-3fdbd0c3-21fa-4159-a33e-e73e4a440d26]: IDLE {"metadata":{"emulator":{"name":"functions"},"function":{"name":"us-central1-api"},"extension":{},"message":"[worker-us-central1-api-3fdbd0c3-21fa-4159-a33e-e73e4a440d26]: IDLE"}}
[debug] [2024-08-14T21:29:33.372Z] Finishing up request with event=finish {"metadata":{"emulator":{"name":"functions"},"function":{"name":"us-central1-api"},"extension":{},"message":"Finishing up request with event=finish"}}
[debug] [2024-08-14T21:29:33.372Z] Finishing up request with event=close {"metadata":{"emulator":{"name":"functions"},"function":{"name":"us-central1-api"},"extension":{},"message":"Finishing up request with event=close"}}
[debug] [2024-08-14T21:29:33.372Z] [work-queue] {"queuedWork":[],"queueLength":0,"runningWork":[],"workRunningCount":0}
[debug] [2024-08-14T21:31:13.397Z] [work-queue] {"queuedWork":["/naturally-crown/us-central1/api/payments/create-2024-08-14T21:31:13.397Z"],"queueLength":1,"runningWork":[],"workRunningCount":0}
[debug] [2024-08-14T21:31:13.397Z] [work-queue] {"queuedWork":[],"queueLength":0,"runningWork":["/naturally-crown/us-central1/api/payments/create-2024-08-14T21:31:13.397Z"],"workRunningCount":1}
[debug] [2024-08-14T21:31:13.397Z] Accepted request POST /naturally-crown/us-central1/api/payments/create?total=12494.999999999998 --> us-central1-api
[debug] [2024-08-14T21:31:13.401Z] [functions] Runtime ready! Sending request! {"metadata":{"emulator":{"name":"functions"},"message":"[functions] Runtime ready! Sending request!"}}
[debug] [2024-08-14T21:31:13.402Z] [functions] Got req.url=/naturally-crown/us-central1/api/payments/create?total=12494.999999999998, mapping to path=/payments/create?total=12494.999999999998 {"metadata":{"emulator":{"name":"functions"},"message":"[functions] Got req.url=/naturally-crown/us-central1/api/payments/create?total=12494.999999999998, mapping to path=/payments/create?total=12494.999999999998"}}
[debug] [2024-08-14T21:31:13.402Z] [worker-pool] submitRequest(triggerId=us-central1-api) {"metadata":{"emulator":{"name":"functions"},"message":"[worker-pool] submitRequest(triggerId=us-central1-api)"}}
[info] i  functions: Beginning execution of "us-central1-api" {"metadata":{"emulator":{"name":"functions"},"function":{"name":"us-central1-api"},"extension":{},"message":"Beginning execution of \"us-central1-api\""}}
[debug] [2024-08-14T21:31:13.402Z] [worker-us-central1-api-3fdbd0c3-21fa-4159-a33e-e73e4a440d26]: BUSY {"metadata":{"emulator":{"name":"functions"},"function":{"name":"us-central1-api"},"extension":{},"message":"[worker-us-central1-api-3fdbd0c3-21fa-4159-a33e-e73e4a440d26]: BUSY"}}
[info] >  Payment request received for this amount >>> 12494.999999999998 {"user":"Payment request received for this amount >>> 12494.999999999998","metadata":{"emulator":{"name":"functions"},"function":{"name":"us-central1-api"},"extension":{},"message":"\u001b[90m> \u001b[39m Payment request received for this amount >>> 12494.999999999998"}}
[info] >  Error creating payment intent: StripeInvalidRequestError: Invalid integer: 12494.999999999998 {"user":"Error creating payment intent: StripeInvalidRequestError: Invalid integer: 12494.999999999998","metadata":{"emulator":{"name":"functions"},"function":{"name":"us-central1-api"},"extension":{},"message":"\u001b[90m> \u001b[39m Error creating payment intent: StripeInvalidRequestError: Invalid integer: 12494.999999999998"}}
[info] >      at StripeError.generate (/Users/javaneythomas/Documents/client1/natural-crown/functions/node_modules/stripe/cjs/Error.js:10:20) {"user":"    at StripeError.generate (/Users/javaneythomas/Documents/client1/natural-crown/functions/node_modules/stripe/cjs/Error.js:10:20)","metadata":{"emulator":{"name":"functions"},"function":{"name":"us-central1-api"},"extension":{},"message":"\u001b[90m> \u001b[39m     at StripeError.generate (/Users/javaneythomas/Documents/client1/natural-crown/functions/node_modules/stripe/cjs/Error.js:10:20)"}}
[info] >      at res.toJSON.then.Error_js_1.StripeAPIError.message (/Users/javaneythomas/Documents/client1/natural-crown/functions/node_modules/stripe/cjs/RequestSender.js:105:54) {"user":"    at res.toJSON.then.Error_js_1.StripeAPIError.message (/Users/javaneythomas/Documents/client1/natural-crown/functions/node_modules/stripe/cjs/RequestSender.js:105:54)","metadata":{"emulator":{"name":"functions"},"function":{"name":"us-central1-api"},"extension":{},"message":"\u001b[90m> \u001b[39m     at res.toJSON.then.Error_js_1.StripeAPIError.message (/Users/javaneythomas/Documents/client1/natural-crown/functions/node_modules/stripe/cjs/RequestSender.js:105:54)"}}
[info] >      at process.processTicksAndRejections (node:internal/process/task_queues:95:5) { {"user":"    at process.processTicksAndRejections (node:internal/process/task_queues:95:5) {","metadata":{"emulator":{"name":"functions"},"function":{"name":"us-central1-api"},"extension":{},"message":"\u001b[90m> \u001b[39m     at process.processTicksAndRejections (node:internal/process/task_queues:95:5) {"}}
[info] >    type: 'StripeInvalidRequestError', {"user":"  type: 'StripeInvalidRequestError',","metadata":{"emulator":{"name":"functions"},"function":{"name":"us-central1-api"},"extension":{},"message":"\u001b[90m> \u001b[39m   type: 'StripeInvalidRequestError',"}}
[info] >    raw: { {"user":"  raw: {","metadata":{"emulator":{"name":"functions"},"function":{"name":"us-central1-api"},"extension":{},"message":"\u001b[90m> \u001b[39m   raw: {"}}
[info] >      code: 'parameter_invalid_integer', {"user":"    code: 'parameter_invalid_integer',","metadata":{"emulator":{"name":"functions"},"function":{"name":"us-central1-api"},"extension":{},"message":"\u001b[90m> \u001b[39m     code: 'parameter_invalid_integer',"}}
[info] >      doc_url: 'https://stripe.com/docs/error-codes/parameter-invalid-integer', {"user":"    doc_url: 'https://stripe.com/docs/error-codes/parameter-invalid-integer',","metadata":{"emulator":{"name":"functions"},"function":{"name":"us-central1-api"},"extension":{},"message":"\u001b[90m> \u001b[39m     doc_url: 'https://stripe.com/docs/error-codes/parameter-invalid-integer',"}}
[info] >      message: 'Invalid integer: 12494.999999999998', {"user":"    message: 'Invalid integer: 12494.999999999998',","metadata":{"emulator":{"name":"functions"},"function":{"name":"us-central1-api"},"extension":{},"message":"\u001b[90m> \u001b[39m     message: 'Invalid integer: 12494.999999999998',"}}
[info] >      param: 'amount', {"user":"    param: 'amount',","metadata":{"emulator":{"name":"functions"},"function":{"name":"us-central1-api"},"extension":{},"message":"\u001b[90m> \u001b[39m     param: 'amount',"}}
[info] >      request_log_url: 'https://dashboard.stripe.com/test/logs/req_QZh4SlIAhXIjwE?t=1723671073', {"user":"    request_log_url: 'https://dashboard.stripe.com/test/logs/req_QZh4SlIAhXIjwE?t=1723671073',","metadata":{"emulator":{"name":"functions"},"function":{"name":"us-central1-api"},"extension":{},"message":"\u001b[90m> \u001b[39m     request_log_url: 'https://dashboard.stripe.com/test/logs/req_QZh4SlIAhXIjwE?t=1723671073',"}}
[info] >      type: 'invalid_request_error', {"user":"    type: 'invalid_request_error',","metadata":{"emulator":{"name":"functions"},"function":{"name":"us-central1-api"},"extension":{},"message":"\u001b[90m> \u001b[39m     type: 'invalid_request_error',"}}
[info] >      headers: { {"user":"    headers: {","metadata":{"emulator":{"name":"functions"},"function":{"name":"us-central1-api"},"extension":{},"message":"\u001b[90m> \u001b[39m     headers: {"}}
[info] >        server: 'nginx', {"user":"      server: 'nginx',","metadata":{"emulator":{"name":"functions"},"function":{"name":"us-central1-api"},"extension":{},"message":"\u001b[90m> \u001b[39m       server: 'nginx',"}}
[info] >        date: 'Wed, 14 Aug 2024 21:31:13 GMT', {"user":"      date: 'Wed, 14 Aug 2024 21:31:13 GMT',","metadata":{"emulator":{"name":"functions"},"function":{"name":"us-central1-api"},"extension":{},"message":"\u001b[90m> \u001b[39m       date: 'Wed, 14 Aug 2024 21:31:13 GMT',"}}
[info] >        'content-type': 'application/json', {"user":"      'content-type': 'application/json',","metadata":{"emulator":{"name":"functions"},"function":{"name":"us-central1-api"},"extension":{},"message":"\u001b[90m> \u001b[39m       'content-type': 'application/json',"}}
[info] >        'content-length': '352', {"user":"      'content-length': '352',","metadata":{"emulator":{"name":"functions"},"function":{"name":"us-central1-api"},"extension":{},"message":"\u001b[90m> \u001b[39m       'content-length': '352',"}}
[info] >        connection: 'keep-alive', {"user":"      connection: 'keep-alive',","metadata":{"emulator":{"name":"functions"},"function":{"name":"us-central1-api"},"extension":{},"message":"\u001b[90m> \u001b[39m       connection: 'keep-alive',"}}
[info] >        'access-control-allow-credentials': 'true', {"user":"      'access-control-allow-credentials': 'true',","metadata":{"emulator":{"name":"functions"},"function":{"name":"us-central1-api"},"extension":{},"message":"\u001b[90m> \u001b[39m       'access-control-allow-credentials': 'true',"}}
[info] >        'access-control-allow-methods': 'GET,HEAD,PUT,PATCH,POST,DELETE', {"user":"      'access-control-allow-methods': 'GET,HEAD,PUT,PATCH,POST,DELETE',","metadata":{"emulator":{"name":"functions"},"function":{"name":"us-central1-api"},"extension":{},"message":"\u001b[90m> \u001b[39m       'access-control-allow-methods': 'GET,HEAD,PUT,PATCH,POST,DELETE',"}}
[info] >        'access-control-allow-origin': '*', {"user":"      'access-control-allow-origin': '*',","metadata":{"emulator":{"name":"functions"},"function":{"name":"us-central1-api"},"extension":{},"message":"\u001b[90m> \u001b[39m       'access-control-allow-origin': '*',"}}
[info] >        'access-control-expose-headers': 'Request-Id, Stripe-Manage-Version, Stripe-Should-Retry, X-Stripe-External-Auth-Required, X-Stripe-Privileged-Session-Required', {"user":"      'access-control-expose-headers': 'Request-Id, Stripe-Manage-Version, Stripe-Should-Retry, X-Stripe-External-Auth-Required, X-Stripe-Privileged-Session-Required',","metadata":{"emulator":{"name":"functions"},"function":{"name":"us-central1-api"},"extension":{},"message":"\u001b[90m> \u001b[39m       'access-control-expose-headers': 'Request-Id, Stripe-Manage-Version, Stripe-Should-Retry, X-Stripe-External-Auth-Required, X-Stripe-Privileged-Session-Required',"}}
[info] >        'access-control-max-age': '300', {"user":"      'access-control-max-age': '300',","metadata":{"emulator":{"name":"functions"},"function":{"name":"us-central1-api"},"extension":{},"message":"\u001b[90m> \u001b[39m       'access-control-max-age': '300',"}}
[info] >        'cache-control': 'no-cache, no-store', {"user":"      'cache-control': 'no-cache, no-store',","metadata":{"emulator":{"name":"functions"},"function":{"name":"us-central1-api"},"extension":{},"message":"\u001b[90m> \u001b[39m       'cache-control': 'no-cache, no-store',"}}
[info] >        'content-security-policy': "report-uri https://q.stripe.com/csp-report?p=v1%2Fpayment_intents; block-all-mixed-content; default-src 'none'; base-uri 'none'; form-action 'none'; frame-ancestors 'none'; img-src 'self'; script-src 'self' 'report-sample'; style-src 'self'", {"user":"      'content-security-policy': \"report-uri https://q.stripe.com/csp-report?p=v1%2Fpayment_intents; block-all-mixed-content; default-src 'none'; base-uri 'none'; form-action 'none'; frame-ancestors 'none'; img-src 'self'; script-src 'self' 'report-sample'; style-src 'self'\",","metadata":{"emulator":{"name":"functions"},"function":{"name":"us-central1-api"},"extension":{},"message":"\u001b[90m> \u001b[39m       'content-security-policy': \"report-uri https://q.stripe.com/csp-report?p=v1%2Fpayment_intents; block-all-mixed-content; default-src 'none'; base-uri 'none'; form-action 'none'; frame-ancestors 'none'; img-src 'self'; script-src 'self' 'report-sample'; style-src 'self'\","}}
[info] >        'cross-origin-opener-policy-report-only': 'same-origin; report-to="coop"', {"user":"      'cross-origin-opener-policy-report-only': 'same-origin; report-to=\"coop\"',","metadata":{"emulator":{"name":"functions"},"function":{"name":"us-central1-api"},"extension":{},"message":"\u001b[90m> \u001b[39m       'cross-origin-opener-policy-report-only': 'same-origin; report-to=\"coop\"',"}}
[info] >        'idempotency-key': 'stripe-node-retry-900dbed5-c509-4554-9a4e-0371168282dd', {"user":"      'idempotency-key': 'stripe-node-retry-900dbed5-c509-4554-9a4e-0371168282dd',","metadata":{"emulator":{"name":"functions"},"function":{"name":"us-central1-api"},"extension":{},"message":"\u001b[90m> \u001b[39m       'idempotency-key': 'stripe-node-retry-900dbed5-c509-4554-9a4e-0371168282dd',"}}
[info] >        'original-request': 'req_QZh4SlIAhXIjwE', {"user":"      'original-request': 'req_QZh4SlIAhXIjwE',","metadata":{"emulator":{"name":"functions"},"function":{"name":"us-central1-api"},"extension":{},"message":"\u001b[90m> \u001b[39m       'original-request': 'req_QZh4SlIAhXIjwE',"}}
[info] >        'report-to': '{"group":"coop","max_age":8640,"endpoints":[{"url":"https://q.stripe.com/coop-report?s=payins-bapi-srv"}],"include_subdomains":true}', {"user":"      'report-to': '{\"group\":\"coop\",\"max_age\":8640,\"endpoints\":[{\"url\":\"https://q.stripe.com/coop-report?s=payins-bapi-srv\"}],\"include_subdomains\":true}',","metadata":{"emulator":{"name":"functions"},"function":{"name":"us-central1-api"},"extension":{},"message":"\u001b[90m> \u001b[39m       'report-to': '{\"group\":\"coop\",\"max_age\":8640,\"endpoints\":[{\"url\":\"https://q.stripe.com/coop-report?s=payins-bapi-srv\"}],\"include_subdomains\":true}',"}}
[info] >        'reporting-endpoints': 'coop="https://q.stripe.com/coop-report?s=payins-bapi-srv"', {"user":"      'reporting-endpoints': 'coop=\"https://q.stripe.com/coop-report?s=payins-bapi-srv\"',","metadata":{"emulator":{"name":"functions"},"function":{"name":"us-central1-api"},"extension":{},"message":"\u001b[90m> \u001b[39m       'reporting-endpoints': 'coop=\"https://q.stripe.com/coop-report?s=payins-bapi-srv\"',"}}
[info] >        'request-id': 'req_QZh4SlIAhXIjwE', {"user":"      'request-id': 'req_QZh4SlIAhXIjwE',","metadata":{"emulator":{"name":"functions"},"function":{"name":"us-central1-api"},"extension":{},"message":"\u001b[90m> \u001b[39m       'request-id': 'req_QZh4SlIAhXIjwE',"}}
[info] >        'stripe-version': '2024-06-20', {"user":"      'stripe-version': '2024-06-20',","metadata":{"emulator":{"name":"functions"},"function":{"name":"us-central1-api"},"extension":{},"message":"\u001b[90m> \u001b[39m       'stripe-version': '2024-06-20',"}}
[info] >        vary: 'Origin', {"user":"      vary: 'Origin',","metadata":{"emulator":{"name":"functions"},"function":{"name":"us-central1-api"},"extension":{},"message":"\u001b[90m> \u001b[39m       vary: 'Origin',"}}
[info] >        'x-content-type-options': 'nosniff', {"user":"      'x-content-type-options': 'nosniff',","metadata":{"emulator":{"name":"functions"},"function":{"name":"us-central1-api"},"extension":{},"message":"\u001b[90m> \u001b[39m       'x-content-type-options': 'nosniff',"}}
[info] >        'x-stripe-priority-routing-enabled': 'true', {"user":"      'x-stripe-priority-routing-enabled': 'true',","metadata":{"emulator":{"name":"functions"},"function":{"name":"us-central1-api"},"extension":{},"message":"\u001b[90m> \u001b[39m       'x-stripe-priority-routing-enabled': 'true',"}}
[info] >        'x-stripe-routing-context-priority-tier': 'api-testmode', {"user":"      'x-stripe-routing-context-priority-tier': 'api-testmode',","metadata":{"emulator":{"name":"functions"},"function":{"name":"us-central1-api"},"extension":{},"message":"\u001b[90m> \u001b[39m       'x-stripe-routing-context-priority-tier': 'api-testmode',"}}
[info] >        'strict-transport-security': 'max-age=63072000; includeSubDomains; preload' {"user":"      'strict-transport-security': 'max-age=63072000; includeSubDomains; preload'","metadata":{"emulator":{"name":"functions"},"function":{"name":"us-central1-api"},"extension":{},"message":"\u001b[90m> \u001b[39m       'strict-transport-security': 'max-age=63072000; includeSubDomains; preload'"}}
[info] >      }, {"user":"    },","metadata":{"emulator":{"name":"functions"},"function":{"name":"us-central1-api"},"extension":{},"message":"\u001b[90m> \u001b[39m     },"}}
[info] >      statusCode: 400, {"user":"    statusCode: 400,","metadata":{"emulator":{"name":"functions"},"function":{"name":"us-central1-api"},"extension":{},"message":"\u001b[90m> \u001b[39m     statusCode: 400,"}}
[info] >      requestId: 'req_QZh4SlIAhXIjwE' {"user":"    requestId: 'req_QZh4SlIAhXIjwE'","metadata":{"emulator":{"name":"functions"},"function":{"name":"us-central1-api"},"extension":{},"message":"\u001b[90m> \u001b[39m     requestId: 'req_QZh4SlIAhXIjwE'"}}
[info] >    }, {"user":"  },","metadata":{"emulator":{"name":"functions"},"function":{"name":"us-central1-api"},"extension":{},"message":"\u001b[90m> \u001b[39m   },"}}
[info] >    rawType: 'invalid_request_error', {"user":"  rawType: 'invalid_request_error',","metadata":{"emulator":{"name":"functions"},"function":{"name":"us-central1-api"},"extension":{},"message":"\u001b[90m> \u001b[39m   rawType: 'invalid_request_error',"}}
[info] >    code: 'parameter_invalid_integer', {"user":"  code: 'parameter_invalid_integer',","metadata":{"emulator":{"name":"functions"},"function":{"name":"us-central1-api"},"extension":{},"message":"\u001b[90m> \u001b[39m   code: 'parameter_invalid_integer',"}}
[info] >    doc_url: 'https://stripe.com/docs/error-codes/parameter-invalid-integer', {"user":"  doc_url: 'https://stripe.com/docs/error-codes/parameter-invalid-integer',","metadata":{"emulator":{"name":"functions"},"function":{"name":"us-central1-api"},"extension":{},"message":"\u001b[90m> \u001b[39m   doc_url: 'https://stripe.com/docs/error-codes/parameter-invalid-integer',"}}
[info] >    param: 'amount', {"user":"  param: 'amount',","metadata":{"emulator":{"name":"functions"},"function":{"name":"us-central1-api"},"extension":{},"message":"\u001b[90m> \u001b[39m   param: 'amount',"}}
[info] >    detail: undefined, {"user":"  detail: undefined,","metadata":{"emulator":{"name":"functions"},"function":{"name":"us-central1-api"},"extension":{},"message":"\u001b[90m> \u001b[39m   detail: undefined,"}}
[info] >    headers: { {"user":"  headers: {","metadata":{"emulator":{"name":"functions"},"function":{"name":"us-central1-api"},"extension":{},"message":"\u001b[90m> \u001b[39m   headers: {"}}
[info] >      server: 'nginx', {"user":"    server: 'nginx',","metadata":{"emulator":{"name":"functions"},"function":{"name":"us-central1-api"},"extension":{},"message":"\u001b[90m> \u001b[39m     server: 'nginx',"}}
[info] >      date: 'Wed, 14 Aug 2024 21:31:13 GMT', {"user":"    date: 'Wed, 14 Aug 2024 21:31:13 GMT',","metadata":{"emulator":{"name":"functions"},"function":{"name":"us-central1-api"},"extension":{},"message":"\u001b[90m> \u001b[39m     date: 'Wed, 14 Aug 2024 21:31:13 GMT',"}}
[info] >      'content-type': 'application/json', {"user":"    'content-type': 'application/json',","metadata":{"emulator":{"name":"functions"},"function":{"name":"us-central1-api"},"extension":{},"message":"\u001b[90m> \u001b[39m     'content-type': 'application/json',"}}
[info] >      'content-length': '352', {"user":"    'content-length': '352',","metadata":{"emulator":{"name":"functions"},"function":{"name":"us-central1-api"},"extension":{},"message":"\u001b[90m> \u001b[39m     'content-length': '352',"}}
[info] >      connection: 'keep-alive', {"user":"    connection: 'keep-alive',","metadata":{"emulator":{"name":"functions"},"function":{"name":"us-central1-api"},"extension":{},"message":"\u001b[90m> \u001b[39m     connection: 'keep-alive',"}}
[info] >      'access-control-allow-credentials': 'true', {"user":"    'access-control-allow-credentials': 'true',","metadata":{"emulator":{"name":"functions"},"function":{"name":"us-central1-api"},"extension":{},"message":"\u001b[90m> \u001b[39m     'access-control-allow-credentials': 'true',"}}
[info] >      'access-control-allow-methods': 'GET,HEAD,PUT,PATCH,POST,DELETE', {"user":"    'access-control-allow-methods': 'GET,HEAD,PUT,PATCH,POST,DELETE',","metadata":{"emulator":{"name":"functions"},"function":{"name":"us-central1-api"},"extension":{},"message":"\u001b[90m> \u001b[39m     'access-control-allow-methods': 'GET,HEAD,PUT,PATCH,POST,DELETE',"}}
[info] >      'access-control-allow-origin': '*', {"user":"    'access-control-allow-origin': '*',","metadata":{"emulator":{"name":"functions"},"function":{"name":"us-central1-api"},"extension":{},"message":"\u001b[90m> \u001b[39m     'access-control-allow-origin': '*',"}}
[info] >      'access-control-expose-headers': 'Request-Id, Stripe-Manage-Version, Stripe-Should-Retry, X-Stripe-External-Auth-Required, X-Stripe-Privileged-Session-Required', {"user":"    'access-control-expose-headers': 'Request-Id, Stripe-Manage-Version, Stripe-Should-Retry, X-Stripe-External-Auth-Required, X-Stripe-Privileged-Session-Required',","metadata":{"emulator":{"name":"functions"},"function":{"name":"us-central1-api"},"extension":{},"message":"\u001b[90m> \u001b[39m     'access-control-expose-headers': 'Request-Id, Stripe-Manage-Version, Stripe-Should-Retry, X-Stripe-External-Auth-Required, X-Stripe-Privileged-Session-Required',"}}
[info] >      'access-control-max-age': '300', {"user":"    'access-control-max-age': '300',","metadata":{"emulator":{"name":"functions"},"function":{"name":"us-central1-api"},"extension":{},"message":"\u001b[90m> \u001b[39m     'access-control-max-age': '300',"}}
[info] >      'cache-control': 'no-cache, no-store', {"user":"    'cache-control': 'no-cache, no-store',","metadata":{"emulator":{"name":"functions"},"function":{"name":"us-central1-api"},"extension":{},"message":"\u001b[90m> \u001b[39m     'cache-control': 'no-cache, no-store',"}}
[info] >      'content-security-policy': "report-uri https://q.stripe.com/csp-report?p=v1%2Fpayment_intents; block-all-mixed-content; default-src 'none'; base-uri 'none'; form-action 'none'; frame-ancestors 'none'; img-src 'self'; script-src 'self' 'report-sample'; style-src 'self'", {"user":"    'content-security-policy': \"report-uri https://q.stripe.com/csp-report?p=v1%2Fpayment_intents; block-all-mixed-content; default-src 'none'; base-uri 'none'; form-action 'none'; frame-ancestors 'none'; img-src 'self'; script-src 'self' 'report-sample'; style-src 'self'\",","metadata":{"emulator":{"name":"functions"},"function":{"name":"us-central1-api"},"extension":{},"message":"\u001b[90m> \u001b[39m     'content-security-policy': \"report-uri https://q.stripe.com/csp-report?p=v1%2Fpayment_intents; block-all-mixed-content; default-src 'none'; base-uri 'none'; form-action 'none'; frame-ancestors 'none'; img-src 'self'; script-src 'self' 'report-sample'; style-src 'self'\","}}
[info] >      'cross-origin-opener-policy-report-only': 'same-origin; report-to="coop"', {"user":"    'cross-origin-opener-policy-report-only': 'same-origin; report-to=\"coop\"',","metadata":{"emulator":{"name":"functions"},"function":{"name":"us-central1-api"},"extension":{},"message":"\u001b[90m> \u001b[39m     'cross-origin-opener-policy-report-only': 'same-origin; report-to=\"coop\"',"}}
[info] >      'idempotency-key': 'stripe-node-retry-900dbed5-c509-4554-9a4e-0371168282dd', {"user":"    'idempotency-key': 'stripe-node-retry-900dbed5-c509-4554-9a4e-0371168282dd',","metadata":{"emulator":{"name":"functions"},"function":{"name":"us-central1-api"},"extension":{},"message":"\u001b[90m> \u001b[39m     'idempotency-key': 'stripe-node-retry-900dbed5-c509-4554-9a4e-0371168282dd',"}}
[info] >      'original-request': 'req_QZh4SlIAhXIjwE', {"user":"    'original-request': 'req_QZh4SlIAhXIjwE',","metadata":{"emulator":{"name":"functions"},"function":{"name":"us-central1-api"},"extension":{},"message":"\u001b[90m> \u001b[39m     'original-request': 'req_QZh4SlIAhXIjwE',"}}
[info] >      'report-to': '{"group":"coop","max_age":8640,"endpoints":[{"url":"https://q.stripe.com/coop-report?s=payins-bapi-srv"}],"include_subdomains":true}', {"user":"    'report-to': '{\"group\":\"coop\",\"max_age\":8640,\"endpoints\":[{\"url\":\"https://q.stripe.com/coop-report?s=payins-bapi-srv\"}],\"include_subdomains\":true}',","metadata":{"emulator":{"name":"functions"},"function":{"name":"us-central1-api"},"extension":{},"message":"\u001b[90m> \u001b[39m     'report-to': '{\"group\":\"coop\",\"max_age\":8640,\"endpoints\":[{\"url\":\"https://q.stripe.com/coop-report?s=payins-bapi-srv\"}],\"include_subdomains\":true}',"}}
[info] >      'reporting-endpoints': 'coop="https://q.stripe.com/coop-report?s=payins-bapi-srv"', {"user":"    'reporting-endpoints': 'coop=\"https://q.stripe.com/coop-report?s=payins-bapi-srv\"',","metadata":{"emulator":{"name":"functions"},"function":{"name":"us-central1-api"},"extension":{},"message":"\u001b[90m> \u001b[39m     'reporting-endpoints': 'coop=\"https://q.stripe.com/coop-report?s=payins-bapi-srv\"',"}}
[info] >      'request-id': 'req_QZh4SlIAhXIjwE', {"user":"    'request-id': 'req_QZh4SlIAhXIjwE',","metadata":{"emulator":{"name":"functions"},"function":{"name":"us-central1-api"},"extension":{},"message":"\u001b[90m> \u001b[39m     'request-id': 'req_QZh4SlIAhXIjwE',"}}
[info] >      'stripe-version': '2024-06-20', {"user":"    'stripe-version': '2024-06-20',","metadata":{"emulator":{"name":"functions"},"function":{"name":"us-central1-api"},"extension":{},"message":"\u001b[90m> \u001b[39m     'stripe-version': '2024-06-20',"}}
[info] >      vary: 'Origin', {"user":"    vary: 'Origin',","metadata":{"emulator":{"name":"functions"},"function":{"name":"us-central1-api"},"extension":{},"message":"\u001b[90m> \u001b[39m     vary: 'Origin',"}}
[info] >      'x-content-type-options': 'nosniff', {"user":"    'x-content-type-options': 'nosniff',","metadata":{"emulator":{"name":"functions"},"function":{"name":"us-central1-api"},"extension":{},"message":"\u001b[90m> \u001b[39m     'x-content-type-options': 'nosniff',"}}
[info] >      'x-stripe-priority-routing-enabled': 'true', {"user":"    'x-stripe-priority-routing-enabled': 'true',","metadata":{"emulator":{"name":"functions"},"function":{"name":"us-central1-api"},"extension":{},"message":"\u001b[90m> \u001b[39m     'x-stripe-priority-routing-enabled': 'true',"}}
[info] >      'x-stripe-routing-context-priority-tier': 'api-testmode', {"user":"    'x-stripe-routing-context-priority-tier': 'api-testmode',","metadata":{"emulator":{"name":"functions"},"function":{"name":"us-central1-api"},"extension":{},"message":"\u001b[90m> \u001b[39m     'x-stripe-routing-context-priority-tier': 'api-testmode',"}}
[info] >      'strict-transport-security': 'max-age=63072000; includeSubDomains; preload' {"user":"    'strict-transport-security': 'max-age=63072000; includeSubDomains; preload'","metadata":{"emulator":{"name":"functions"},"function":{"name":"us-central1-api"},"extension":{},"message":"\u001b[90m> \u001b[39m     'strict-transport-security': 'max-age=63072000; includeSubDomains; preload'"}}
[info] >    }, {"user":"  },","metadata":{"emulator":{"name":"functions"},"function":{"name":"us-central1-api"},"extension":{},"message":"\u001b[90m> \u001b[39m   },"}}
[info] >    requestId: 'req_QZh4SlIAhXIjwE', {"user":"  requestId: 'req_QZh4SlIAhXIjwE',","metadata":{"emulator":{"name":"functions"},"function":{"name":"us-central1-api"},"extension":{},"message":"\u001b[90m> \u001b[39m   requestId: 'req_QZh4SlIAhXIjwE',"}}
[info] >    statusCode: 400, {"user":"  statusCode: 400,","metadata":{"emulator":{"name":"functions"},"function":{"name":"us-central1-api"},"extension":{},"message":"\u001b[90m> \u001b[39m   statusCode: 400,"}}
[info] >    charge: undefined, {"user":"  charge: undefined,","metadata":{"emulator":{"name":"functions"},"function":{"name":"us-central1-api"},"extension":{},"message":"\u001b[90m> \u001b[39m   charge: undefined,"}}
[info] >    decline_code: undefined, {"user":"  decline_code: undefined,","metadata":{"emulator":{"name":"functions"},"function":{"name":"us-central1-api"},"extension":{},"message":"\u001b[90m> \u001b[39m   decline_code: undefined,"}}
[info] >    payment_intent: undefined, {"user":"  payment_intent: undefined,","metadata":{"emulator":{"name":"functions"},"function":{"name":"us-central1-api"},"extension":{},"message":"\u001b[90m> \u001b[39m   payment_intent: undefined,"}}
[info] >    payment_method: undefined, {"user":"  payment_method: undefined,","metadata":{"emulator":{"name":"functions"},"function":{"name":"us-central1-api"},"extension":{},"message":"\u001b[90m> \u001b[39m   payment_method: undefined,"}}
[info] >    payment_method_type: undefined, {"user":"  payment_method_type: undefined,","metadata":{"emulator":{"name":"functions"},"function":{"name":"us-central1-api"},"extension":{},"message":"\u001b[90m> \u001b[39m   payment_method_type: undefined,"}}
[info] >    setup_intent: undefined, {"user":"  setup_intent: undefined,","metadata":{"emulator":{"name":"functions"},"function":{"name":"us-central1-api"},"extension":{},"message":"\u001b[90m> \u001b[39m   setup_intent: undefined,"}}
[info] >    source: undefined {"user":"  source: undefined","metadata":{"emulator":{"name":"functions"},"function":{"name":"us-central1-api"},"extension":{},"message":"\u001b[90m> \u001b[39m   source: undefined"}}
[info] >  } {"user":"}","metadata":{"emulator":{"name":"functions"},"function":{"name":"us-central1-api"},"extension":{},"message":"\u001b[90m> \u001b[39m }"}}
[debug] [2024-08-14T21:31:13.622Z] Finishing up request with event=pause {"metadata":{"emulator":{"name":"functions"},"function":{"name":"us-central1-api"},"extension":{},"message":"Finishing up request with event=pause"}}
[info] i  functions: Finished "us-central1-api" in 220.029792ms {"metadata":{"emulator":{"name":"functions"},"function":{"name":"us-central1-api"},"extension":{},"message":"Finished \"us-central1-api\" in 220.029792ms"}}
[debug] [2024-08-14T21:31:13.623Z] [worker-us-central1-api-3fdbd0c3-21fa-4159-a33e-e73e4a440d26]: IDLE {"metadata":{"emulator":{"name":"functions"},"function":{"name":"us-central1-api"},"extension":{},"message":"[worker-us-central1-api-3fdbd0c3-21fa-4159-a33e-e73e4a440d26]: IDLE"}}
[debug] [2024-08-14T21:31:13.623Z] Finishing up request with event=finish {"metadata":{"emulator":{"name":"functions"},"function":{"name":"us-central1-api"},"extension":{},"message":"Finishing up request with event=finish"}}
[debug] [2024-08-14T21:31:13.623Z] Finishing up request with event=close {"metadata":{"emulator":{"name":"functions"},"function":{"name":"us-central1-api"},"extension":{},"message":"Finishing up request with event=close"}}
[debug] [2024-08-14T21:31:13.624Z] [work-queue] {"queuedWork":[],"queueLength":0,"runningWork":[],"workRunningCount":0}
[debug] [2024-08-14T21:37:03.011Z] [work-queue] {"queuedWork":["/naturally-crown/us-central1/api/payments/create-2024-08-14T21:37:03.011Z"],"queueLength":1,"runningWork":[],"workRunningCount":0}
[debug] [2024-08-14T21:37:03.011Z] [work-queue] {"queuedWork":[],"queueLength":0,"runningWork":["/naturally-crown/us-central1/api/payments/create-2024-08-14T21:37:03.011Z"],"workRunningCount":1}
[debug] [2024-08-14T21:37:03.011Z] Accepted request POST /naturally-crown/us-central1/api/payments/create?total=9996 --> us-central1-api
[debug] [2024-08-14T21:37:03.013Z] [functions] Runtime ready! Sending request! {"metadata":{"emulator":{"name":"functions"},"message":"[functions] Runtime ready! Sending request!"}}
[debug] [2024-08-14T21:37:03.014Z] [functions] Got req.url=/naturally-crown/us-central1/api/payments/create?total=9996, mapping to path=/payments/create?total=9996 {"metadata":{"emulator":{"name":"functions"},"message":"[functions] Got req.url=/naturally-crown/us-central1/api/payments/create?total=9996, mapping to path=/payments/create?total=9996"}}
[debug] [2024-08-14T21:37:03.014Z] [worker-pool] submitRequest(triggerId=us-central1-api) {"metadata":{"emulator":{"name":"functions"},"message":"[worker-pool] submitRequest(triggerId=us-central1-api)"}}
[info] i  functions: Beginning execution of "us-central1-api" {"metadata":{"emulator":{"name":"functions"},"function":{"name":"us-central1-api"},"extension":{},"message":"Beginning execution of \"us-central1-api\""}}
[debug] [2024-08-14T21:37:03.014Z] [worker-us-central1-api-3fdbd0c3-21fa-4159-a33e-e73e4a440d26]: BUSY {"metadata":{"emulator":{"name":"functions"},"function":{"name":"us-central1-api"},"extension":{},"message":"[worker-us-central1-api-3fdbd0c3-21fa-4159-a33e-e73e4a440d26]: BUSY"}}
[info] >  Payment request received for this amount >>> 9996 {"user":"Payment request received for this amount >>> 9996","metadata":{"emulator":{"name":"functions"},"function":{"name":"us-central1-api"},"extension":{},"message":"\u001b[90m> \u001b[39m Payment request received for this amount >>> 9996"}}
[debug] [2024-08-14T21:37:03.311Z] Finishing up request with event=pause {"metadata":{"emulator":{"name":"functions"},"function":{"name":"us-central1-api"},"extension":{},"message":"Finishing up request with event=pause"}}
[info] i  functions: Finished "us-central1-api" in 297.453042ms {"metadata":{"emulator":{"name":"functions"},"function":{"name":"us-central1-api"},"extension":{},"message":"Finished \"us-central1-api\" in 297.453042ms"}}
[debug] [2024-08-14T21:37:03.312Z] [worker-us-central1-api-3fdbd0c3-21fa-4159-a33e-e73e4a440d26]: IDLE {"metadata":{"emulator":{"name":"functions"},"function":{"name":"us-central1-api"},"extension":{},"message":"[worker-us-central1-api-3fdbd0c3-21fa-4159-a33e-e73e4a440d26]: IDLE"}}
[debug] [2024-08-14T21:37:03.312Z] Finishing up request with event=finish {"metadata":{"emulator":{"name":"functions"},"function":{"name":"us-central1-api"},"extension":{},"message":"Finishing up request with event=finish"}}
[debug] [2024-08-14T21:37:03.312Z] Finishing up request with event=close {"metadata":{"emulator":{"name":"functions"},"function":{"name":"us-central1-api"},"extension":{},"message":"Finishing up request with event=close"}}
[debug] [2024-08-14T21:37:03.312Z] [work-queue] {"queuedWork":[],"queueLength":0,"runningWork":[],"workRunningCount":0}
